#
# There is insufficient memory for the Java Runtime Environment to continue.
# Native memory allocation (mmap) failed to map 335544320 bytes for G1 virtual space
# Possible reasons:
#   The system is out of physical RAM or swap space
#   The process is running with CompressedOops enabled, and the Java Heap may be blocking the growth of the native heap
# Possible solutions:
#   Reduce memory load on the system
#   Increase physical memory or swap space
#   Check if swap backing store is full
#   Decrease Java heap size (-Xmx/-Xms)
#   Decrease number of Java threads
#   Decrease Java thread stack sizes (-Xss)
#   Set larger code cache with -XX:ReservedCodeCacheSize=
#   JVM is running with Zero Based Compressed Oops mode in which the Java heap is
#     placed in the first 32GB address space. The Java Heap base address is the
#     maximum limit for the native heap growth. Please use -XX:HeapBaseMinAddress
#     to set the Java Heap base and to place the Java Heap above 32GB virtual address.
# This output file may be truncated or incomplete.
#
#  Out of Memory Error (os_windows.cpp:3825), pid=8972, tid=15120
#
# JRE version:  (17.0.10+1) (build )
# Java VM: OpenJDK 64-Bit Server VM (17.0.10+1-b1207.14, mixed mode, sharing, tiered, compressed oops, compressed class ptrs, g1 gc, windows-amd64)
# No core dump will be written. Minidumps are not enabled by default on client versions of Windows
#

---------------  S U M M A R Y ------------

Command Line: git4idea.http.GitAskPassApp Username for 'https://github.com': 

Host: AMD Ryzen 5 5600H with Radeon Graphics         , 12 cores, 19G,  Windows 10 , 64 bit Build 19041 (10.0.19041.3636)
Time: Thu May  2 19:13:32 2024 SE Asia Standard Time elapsed time: 0.017597 seconds (0d 0h 0m 0s)

---------------  T H R E A D  ---------------

Current thread (0x000001ee0fc5e000):  JavaThread "Unknown thread" [_thread_in_vm, id=15120, stack(0x00000045b1400000,0x00000045b1500000)]

Stack: [0x00000045b1400000,0x00000045b1500000]
Native frames: (J=compiled Java code, j=interpreted, Vv=VM code, C=native code)
V  [jvm.dll+0x687989]
V  [jvm.dll+0x84116a]
V  [jvm.dll+0x842dae]
V  [jvm.dll+0x843413]
V  [jvm.dll+0x249ccf]
V  [jvm.dll+0x684759]
V  [jvm.dll+0x67900a]
V  [jvm.dll+0x30ab0b]
V  [jvm.dll+0x311fb6]
V  [jvm.dll+0x361d5e]
V  [jvm.dll+0x361f8f]
V  [jvm.dll+0x2e07f8]
V  [jvm.dll+0x2e1764]
V  [jvm.dll+0x811c31]
V  [jvm.dll+0x36fc11]
V  [jvm.dll+0x7f0666]
V  [jvm.dll+0x3f3daf]
V  [jvm.dll+0x3f5a41]
C  [jli.dll+0x528f]
C  [ucrtbase.dll+0x21bb2]
C  [KERNEL32.DLL+0x17344]
C  [ntdll.dll+0x526b1]


---------------  P R O C E S S  ---------------

Threads class SMR info:
_java_thread_list=0x00007ffc0e1cdf58, length=0, elements={
}

Java Threads: ( => current thread )

Other Threads:
  0x000001ee11e87a80 GCTaskThread "GC Thread#0" [stack: 0x00000045b1500000,0x00000045b1600000] [id=7752]
  0x000001ee11e94050 ConcurrentGCThread "G1 Main Marker" [stack: 0x00000045b1600000,0x00000045b1700000] [id=27416]
  0x000001ee11e94a70 ConcurrentGCThread "G1 Conc#0" [stack: 0x00000045b1700000,0x00000045b1800000] [id=17160]

[error occurred during error reporting (printing all threads), id 0xc0000005, EXCEPTION_ACCESS_VIOLATION (0xc0000005) at pc=0x00007ffc0d9813c7]

VM state: not at safepoint (not fully initialized)

VM Mutex/Monitor currently owned by a thread:  ([mutex/lock_event])
[0x000001ee11e10fa0] Heap_lock - owner thread: 0x000001ee0fc5e000

Heap address: 0x00000006c2400000, size: 5084 MB, Compressed Oops mode: Zero based, Oop shift amount: 3

CDS archive(s) mapped at: [0x0000000000000000-0x0000000000000000-0x0000000000000000), size 0, SharedBaseAddress: 0x0000000800000000, ArchiveRelocationMode: 1.
Narrow klass base: 0x0000000000000000, Narrow klass shift: 0, Narrow klass range: 0x0

GC Precious Log:
<Empty>

Heap:
 garbage-first heap   total 0K, used 0K [0x00000006c2400000, 0x0000000800000000)
  region size 4096K, 0 young (0K), 0 survivors (0K)
 Metaspace       used 0K, committed 0K, reserved 0K
  class space    used 0K, committed 0K, reserved 0K

Heap Regions: E=young(eden), S=young(survivor), O=old, HS=humongous(starts), HC=humongous(continues), CS=collection set, F=free, OA=open archive, CA=closed archive, TAMS=top-at-mark-start (previous, next)

Card table byte_map: [0x000001ee254d0000,0x000001ee25ec0000] _byte_map_base: 0x000001ee21ebe000

Marking Bits (Prev, Next): (CMBitMap*) 0x000001ee11e880a0, (CMBitMap*) 0x000001ee11e880e0
 Prev Bits: [0x000001ee268b0000, 0x000001ee2b820000)
 Next Bits: [0x000001ee2b820000, 0x000001ee30790000)

GC Heap History (0 events):
No events

Dll operation events (1 events):
Event: 0.011 Loaded shared library C:\Users\Logic\AppData\Local\Programs\RustRover\jbr\bin\java.dll

Deoptimization events (0 events):
No events

Classes unloaded (0 events):
No events

Classes redefined (0 events):
No events

Internal exceptions (0 events):
No events

VM Operations (0 events):
No events

Events (0 events):
No events


Dynamic libraries:
0x00007ff7155f0000 - 0x00007ff7155fa000 	C:\Users\Logic\AppData\Local\Programs\RustRover\jbr\bin\java.exe
0x00007ffc83830000 - 0x00007ffc83a28000 	C:\Windows\SYSTEM32\ntdll.dll
0x00007ffc81cd0000 - 0x00007ffc81d8d000 	C:\Windows\System32\KERNEL32.DLL
0x00007ffc812d0000 - 0x00007ffc815c6000 	C:\Windows\System32\KERNELBASE.dll
0x00007ffc811d0000 - 0x00007ffc812d0000 	C:\Windows\System32\ucrtbase.dll
0x00007ffc57960000 - 0x00007ffc5797b000 	C:\Users\Logic\AppData\Local\Programs\RustRover\jbr\bin\VCRUNTIME140.dll
0x00007ffc7c580000 - 0x00007ffc7c597000 	C:\Users\Logic\AppData\Local\Programs\RustRover\jbr\bin\jli.dll
0x00007ffc81880000 - 0x00007ffc81a1f000 	C:\Windows\System32\USER32.dll
0x00007ffc70770000 - 0x00007ffc70a0a000 	C:\Windows\WinSxS\amd64_microsoft.windows.common-controls_6595b64144ccf1df_6.0.19041.4355_none_60b8b9eb71f62e16\COMCTL32.dll
0x00007ffc81030000 - 0x00007ffc81052000 	C:\Windows\System32\win32u.dll
0x00007ffc82860000 - 0x00007ffc828fe000 	C:\Windows\System32\msvcrt.dll
0x00007ffc83700000 - 0x00007ffc8372b000 	C:\Windows\System32\GDI32.dll
0x00007ffc81060000 - 0x00007ffc81177000 	C:\Windows\System32\gdi32full.dll
0x00007ffc815d0000 - 0x00007ffc8166d000 	C:\Windows\System32\msvcp_win.dll
0x00007ffc81c90000 - 0x00007ffc81cc2000 	C:\Windows\System32\IMM32.DLL
0x00007ffc793d0000 - 0x00007ffc793dc000 	C:\Users\Logic\AppData\Local\Programs\RustRover\jbr\bin\vcruntime140_1.dll
0x00007ffc51000000 - 0x00007ffc5108d000 	C:\Users\Logic\AppData\Local\Programs\RustRover\jbr\bin\msvcp140.dll
0x00007ffc0d690000 - 0x00007ffc0e312000 	C:\Users\Logic\AppData\Local\Programs\RustRover\jbr\bin\server\jvm.dll
0x00007ffc83440000 - 0x00007ffc834f0000 	C:\Windows\System32\ADVAPI32.dll
0x00007ffc82a40000 - 0x00007ffc82ae0000 	C:\Windows\System32\sechost.dll
0x00007ffc81a20000 - 0x00007ffc81b43000 	C:\Windows\System32\RPCRT4.dll
0x00007ffc80ee0000 - 0x00007ffc80f07000 	C:\Windows\System32\bcrypt.dll
0x00007ffc80d30000 - 0x00007ffc80d7b000 	C:\Windows\SYSTEM32\POWRPROF.dll
0x00007ffc76840000 - 0x00007ffc76867000 	C:\Windows\SYSTEM32\WINMM.dll
0x00007ffc79d60000 - 0x00007ffc79d6a000 	C:\Windows\SYSTEM32\VERSION.dll
0x00007ffc59700000 - 0x00007ffc59709000 	C:\Windows\SYSTEM32\WSOCK32.dll
0x00007ffc82e10000 - 0x00007ffc82e7b000 	C:\Windows\System32\WS2_32.dll
0x00007ffc80d10000 - 0x00007ffc80d22000 	C:\Windows\SYSTEM32\UMPDC.dll
0x00007ffc7f690000 - 0x00007ffc7f6a2000 	C:\Windows\SYSTEM32\kernel.appcore.dll
0x00007ffc7e340000 - 0x00007ffc7e34a000 	C:\Users\Logic\AppData\Local\Programs\RustRover\jbr\bin\jimage.dll
0x00007ffc7f480000 - 0x00007ffc7f664000 	C:\Windows\SYSTEM32\DBGHELP.DLL
0x00007ffc63100000 - 0x00007ffc63134000 	C:\Windows\SYSTEM32\dbgcore.DLL
0x00007ffc81670000 - 0x00007ffc816f2000 	C:\Windows\System32\bcryptPrimitives.dll
0x00007ffc6fca0000 - 0x00007ffc6fcc5000 	C:\Users\Logic\AppData\Local\Programs\RustRover\jbr\bin\java.dll

dbghelp: loaded successfully - version: 4.0.5 - missing functions: none
symbol engine: initialized successfully - sym options: 0x614 - pdb path: .;C:\Users\Logic\AppData\Local\Programs\RustRover\jbr\bin;C:\Windows\SYSTEM32;C:\Windows\WinSxS\amd64_microsoft.windows.common-controls_6595b64144ccf1df_6.0.19041.4355_none_60b8b9eb71f62e16;C:\Users\Logic\AppData\Local\Programs\RustRover\jbr\bin\server

VM Arguments:
java_command: git4idea.http.GitAskPassApp Username for 'https://github.com': 
java_class_path (initial): C:/Users/Logic/AppData/Local/Programs/RustRover/plugins/vcs-git/lib/git4idea-rt.jar;C:/Users/Logic/AppData/Local/Programs/RustRover/lib/externalProcess-rt.jar
Launcher Type: SUN_STANDARD

[Global flags]
     intx CICompilerCount                          = 4                                         {product} {ergonomic}
     uint ConcGCThreads                            = 3                                         {product} {ergonomic}
     uint G1ConcRefinementThreads                  = 10                                        {product} {ergonomic}
   size_t G1HeapRegionSize                         = 4194304                                   {product} {ergonomic}
    uintx GCDrainStackTargetSize                   = 64                                        {product} {ergonomic}
   size_t InitialHeapSize                          = 335544320                                 {product} {ergonomic}
   size_t MarkStackSize                            = 4194304                                   {product} {ergonomic}
   size_t MaxHeapSize                              = 5330960384                                {product} {ergonomic}
   size_t MinHeapDeltaBytes                        = 4194304                                   {product} {ergonomic}
   size_t MinHeapSize                              = 8388608                                   {product} {ergonomic}
    uintx NonNMethodCodeHeapSize                   = 5839372                                {pd product} {ergonomic}
    uintx NonProfiledCodeHeapSize                  = 122909434                              {pd product} {ergonomic}
    uintx ProfiledCodeHeapSize                     = 122909434                              {pd product} {ergonomic}
    uintx ReservedCodeCacheSize                    = 251658240                              {pd product} {ergonomic}
     bool SegmentedCodeCache                       = true                                      {product} {ergonomic}
   size_t SoftMaxHeapSize                          = 5330960384                             {manageable} {ergonomic}
     bool UseCompressedClassPointers               = true                           {product lp64_product} {ergonomic}
     bool UseCompressedOops                        = true                           {product lp64_product} {ergonomic}
     bool UseG1GC                                  = true                                      {product} {ergonomic}
     bool UseLargePagesIndividualAllocation        = false                                  {pd product} {ergonomic}

Logging:
Log output configuration:
 #0: stdout all=warning uptime,level,tags
 #1: stderr all=off uptime,level,tags

Environment Variables:
PATH=C:/Program Files/Git/mingw64/libexec/git-core;C:/Program Files/Git/mingw64/libexec/git-core;C:\Program Files\Git\mingw64\bin;C:\Program Files\Git\usr\bin;C:\Users\Logic\bin;C:\Windows\system32;C:\Windows;C:\Windows\System32\Wbem;C:\Windows\System32\WindowsPowerShell\v1.0\;C:\Windows\System32\OpenSSH\;C:\Program Files (x86)\NVIDIA Corporation\PhysX\Common;C:\Program Files\Git\cmd;C:\Program Files\nodejs\;C:\ProgramData\chocolatey\bin;C:\Program Files\dotnet\;C:\Program Files\Microsoft SQL Server\150\Tools\Binn\;C:\Program Files (x86)\Heavyocity\Heavyocity Portal;c:\Program Files (x86)\Acustica\Framework\;c:\Program Files\Acustica\Framework\;C:\Program Files\Meson\;C:\SDKs\boost_1_84_0;C:\SDKs\boost_1_84_0\stage\lib;C:\Users\Logic\AppData\Local\Packages\PythonSoftwareFoundation.Python.3.10_qbz5n2kfra8p0\LocalCache\Roaming\pypoetry\venv\Scripts;C:\Program Files\NVIDIA Corporation\NVIDIA App\NvDLISR;C:\path\ffmpeg\bin;C:\Program Files\playit_gg\bin\;C:\Program Files (x86)\Windows Kits\10\Windows Performance Toolkit\;C:\java\graalvm-jdk-17.0.10+11.1\bin;C:\Users\Logic\.cargo\bin;C:\Users\Logic\AppData\Local\Microsoft\WindowsApps;C:\Users\Logic\AppData\Local\Programs\Microsoft VS Code\bin;C:\Users\Logic\AppData\Local\JetBrains\Toolbox\scripts;C:\Users\Logic\AppData\Roaming\npm;C:\Users\Logic\.dotnet\tools;C:\Program Files\Imaginando\DLYM;C:\Users\Logic\.bun\bin
USERNAME=Logic
DISPLAY=:0.0
LC_ALL=en_US.UTF-8
TERM=xterm-256color
TMPDIR=C:\Users\Logic\AppData\Local\Temp
OS=Windows_NT
PROCESSOR_IDENTIFIER=AMD64 Family 25 Model 80 Stepping 0, AuthenticAMD
TMP=C:\Users\Logic\AppData\Local\Temp
TEMP=C:\Users\Logic\AppData\Local\Temp



Periodic native trim disabled

JNI global refs:
JNI global refs: 0, weak refs: 0

JNI global refs memory usage: 0, weak refs: 0

OOME stack traces (most recent first):
Classloader memory used:


---------------  S Y S T E M  ---------------

OS:
 Windows 10 , 64 bit Build 19041 (10.0.19041.3636)
OS uptime: 2 days 0:13 hours
Hyper-V role detected

CPU: total 12 (initial active 12) (12 cores per cpu, 2 threads per core) family 25 model 80 stepping 0 microcode 0x0, cx8, cmov, fxsr, ht, mmx, 3dnowpref, sse, sse2, sse3, ssse3, sse4a, sse4.1, sse4.2, popcnt, lzcnt, tsc, tscinvbit, avx, avx2, aes, erms, clmul, bmi1, bmi2, adx, sha, fma, vzeroupper, clflush, clflushopt, hv
Processor Information for all 12 processors :
  Max Mhz: 3301, Current Mhz: 3301, Mhz Limit: 3301

Memory: 4k page, system-wide physical 20332M (3332M free)
TotalPageFile size 36716M (AvailPageFile size 316M)
current process WorkingSet (physical memory assigned to process): 10M, peak: 10M
current process commit charge ("private bytes"): 64M, peak: 384M

vm_info: OpenJDK 64-Bit Server VM (17.0.10+1-b1207.14) for windows-amd64 JRE (17.0.10+1-b1207.14), built on 2024-04-05 by "builduser" with MS VC++ 16.10 / 16.11 (VS2019)

END.
